<?xml version="1.0" encoding="UTF-8" ?>
<testsuite failures="0" time="0.004" errors="0" skipped="0" tests="1" name="com.javatraining1.encryptor1.ShiftMultiplyEncryptionTest">
  <properties>
    <property name="java.runtime.name" value="Java(TM) SE Runtime Environment"/>
    <property name="sun.boot.library.path" value="C:\Progra~1\Java\jdk1.7.0_79\jre\bin"/>
    <property name="java.vm.version" value="24.79-b02"/>
    <property name="java.vm.vendor" value="Oracle Corporation"/>
    <property name="java.vendor.url" value="http://java.oracle.com/"/>
    <property name="path.separator" value=";"/>
    <property name="java.vm.name" value="Java HotSpot(TM) 64-Bit Server VM"/>
    <property name="file.encoding.pkg" value="sun.io"/>
    <property name="user.script" value=""/>
    <property name="user.country" value="US"/>
    <property name="sun.java.launcher" value="SUN_STANDARD"/>
    <property name="sun.os.patch.level" value=""/>
    <property name="java.vm.specification.name" value="Java Virtual Machine Specification"/>
    <property name="user.dir" value="C:\eclipse_ws\encryptor1"/>
    <property name="java.runtime.version" value="1.7.0_79-b15"/>
    <property name="java.awt.graphicsenv" value="sun.awt.Win32GraphicsEnvironment"/>
    <property name="basedir" value="C:\eclipse_ws\encryptor1"/>
    <property name="java.endorsed.dirs" value="C:\Progra~1\Java\jdk1.7.0_79\jre\lib\endorsed"/>
    <property name="os.arch" value="amd64"/>
    <property name="surefire.real.class.path" value="C:\eclipse_ws\encryptor1\target\surefire\surefirebooter1224342460500030423.jar"/>
    <property name="java.io.tmpdir" value="C:\Users\Itzhak\AppData\Local\Temp\"/>
    <property name="line.separator" value="
"/>
    <property name="java.vm.specification.vendor" value="Oracle Corporation"/>
    <property name="user.variant" value=""/>
    <property name="os.name" value="Windows 8.1"/>
    <property name="sun.jnu.encoding" value="Cp1252"/>
    <property name="java.library.path" value="C:\Progra~1\Java\jdk1.7.0_79\jre\bin;C:\windows\Sun\Java\bin;C:\windows\system32;C:\windows;C:\Program Files (x86)\Python\;C:\Program Files (x86)\Python\Scripts;C:\Program Files (x86)\Intel\iCLS Client\;C:\Program Files\Intel\iCLS Client\;C:\Program Files (x86)\NVIDIA Corporation\PhysX\Common;C:\windows\system32;C:\windows;C:\windows\System32\Wbem;C:\windows\System32\WindowsPowerShell\v1.0\;C:\Program Files\Intel\Intel(R) Management Engine Components\DAL;C:\Program Files\Intel\Intel(R) Management Engine Components\IPT;C:\Program Files (x86)\Intel\Intel(R) Management Engine Components\DAL;C:\Program Files (x86)\Intel\Intel(R) Management Engine Components\IPT;C:\Program Files (x86)\GNU\GnuPG\pub;C:\Program Files (x86)\Windows Kits\8.0\Windows Performance Toolkit\;C:\Program Files\Java\jdk1.7.0_79;C:\Maven\bin;C:\Progra~1\Java\jdk1.7.0_79\bin;C:\Program Files (x86)\Skype\Phone\;."/>
    <property name="surefire.test.class.path" value="C:\eclipse_ws\encryptor1\target\test-classes;C:\eclipse_ws\encryptor1\target\classes;C:\Users\Itzhak\.m2\repository\junit\junit\4.12\junit-4.12.jar;C:\Users\Itzhak\.m2\repository\org\hamcrest\hamcrest-core\1.3\hamcrest-core-1.3.jar;C:\Users\Itzhak\.m2\repository\org\mockito\mockito-core\2.0.31-beta\mockito-core-2.0.31-beta.jar;C:\Users\Itzhak\.m2\repository\net\bytebuddy\byte-buddy\0.6.14\byte-buddy-0.6.14.jar;C:\Users\Itzhak\.m2\repository\org\objenesis\objenesis\2.1\objenesis-2.1.jar;"/>
    <property name="java.specification.name" value="Java Platform API Specification"/>
    <property name="java.class.version" value="51.0"/>
    <property name="sun.management.compiler" value="HotSpot 64-Bit Tiered Compilers"/>
    <property name="os.version" value="6.3"/>
    <property name="user.home" value="C:\Users\Itzhak"/>
    <property name="user.timezone" value=""/>
    <property name="java.awt.printerjob" value="sun.awt.windows.WPrinterJob"/>
    <property name="java.specification.version" value="1.7"/>
    <property name="file.encoding" value="Cp1252"/>
    <property name="user.name" value="Itzhak"/>
    <property name="java.class.path" value="C:\eclipse_ws\encryptor1\target\test-classes;C:\eclipse_ws\encryptor1\target\classes;C:\Users\Itzhak\.m2\repository\junit\junit\4.12\junit-4.12.jar;C:\Users\Itzhak\.m2\repository\org\hamcrest\hamcrest-core\1.3\hamcrest-core-1.3.jar;C:\Users\Itzhak\.m2\repository\org\mockito\mockito-core\2.0.31-beta\mockito-core-2.0.31-beta.jar;C:\Users\Itzhak\.m2\repository\net\bytebuddy\byte-buddy\0.6.14\byte-buddy-0.6.14.jar;C:\Users\Itzhak\.m2\repository\org\objenesis\objenesis\2.1\objenesis-2.1.jar;"/>
    <property name="java.vm.specification.version" value="1.7"/>
    <property name="sun.arch.data.model" value="64"/>
    <property name="java.home" value="C:\Progra~1\Java\jdk1.7.0_79\jre"/>
    <property name="sun.java.command" value="C:\eclipse_ws\encryptor1\target\surefire\surefirebooter1224342460500030423.jar C:\eclipse_ws\encryptor1\target\surefire\surefire7532895024211790003tmp C:\eclipse_ws\encryptor1\target\surefire\surefire8929518075795990921tmp"/>
    <property name="java.specification.vendor" value="Oracle Corporation"/>
    <property name="user.language" value="en"/>
    <property name="awt.toolkit" value="sun.awt.windows.WToolkit"/>
    <property name="java.vm.info" value="mixed mode"/>
    <property name="java.version" value="1.7.0_79"/>
    <property name="java.ext.dirs" value="C:\Progra~1\Java\jdk1.7.0_79\jre\lib\ext;C:\windows\Sun\Java\lib\ext"/>
    <property name="sun.boot.class.path" value="C:\Progra~1\Java\jdk1.7.0_79\jre\lib\resources.jar;C:\Progra~1\Java\jdk1.7.0_79\jre\lib\rt.jar;C:\Progra~1\Java\jdk1.7.0_79\jre\lib\sunrsasign.jar;C:\Progra~1\Java\jdk1.7.0_79\jre\lib\jsse.jar;C:\Progra~1\Java\jdk1.7.0_79\jre\lib\jce.jar;C:\Progra~1\Java\jdk1.7.0_79\jre\lib\charsets.jar;C:\Progra~1\Java\jdk1.7.0_79\jre\lib\jfr.jar;C:\Progra~1\Java\jdk1.7.0_79\jre\classes"/>
    <property name="java.vendor" value="Oracle Corporation"/>
    <property name="localRepository" value="C:\Users\Itzhak\.m2\repository"/>
    <property name="file.separator" value="\"/>
    <property name="java.vendor.url.bug" value="http://bugreport.sun.com/bugreport/"/>
    <property name="sun.cpu.endian" value="little"/>
    <property name="sun.io.unicode.encoding" value="UnicodeLittle"/>
    <property name="sun.desktop" value="windows"/>
    <property name="sun.cpu.isalist" value="amd64"/>
  </properties>
  <testcase time="0" classname="com.javatraining1.encryptor1.ShiftMultiplyEncryptionTest" name="test"/>
</testsuite>